[ ]{0: LDARGS}                      // int n
[ 4 ]{1: CALL 1 5}                  // main(n)
[ 4 -999 4 ]{5: INCSP 1}            // Make space on stack
[ 4 -999 4 0 ]{7: GETBP}            // Get basepointer
[ 4 -999 4 0 2 ]{8: CSTI 1}         // Put constant 1 on stack
[ 4 -999 4 0 2 1 ]{10: ADD}         // BP + 1
[ 4 -999 4 0 3 ]{11: CSTI 0}        // Put constant 0 on stack
[ 4 -999 4 0 3 0 ]{13: STI}         // Store 0 at BP + 1
[ 4 -999 4 0 0 ]{14: INCSP -1}      // Remove space on stack

[ 4 -999 4 0 ]{16: GOTO 43}         // Start while loop

[ 4 -999 4 0 ]{43: GETBP}
[ 4 -999 4 0 2 ]{44: CSTI 1}
[ 4 -999 4 0 2 1 ]{46: ADD}
[ 4 -999 4 0 3 ]{47: LDI}           // Get value at BP + 1
[ 4 -999 4 0 0 ]{48: GETBP}
[ 4 -999 4 0 0 2 ]{49: CSTI 0}
[ 4 -999 4 0 0 2 0 ]{51: ADD}
[ 4 -999 4 0 0 2 ]{52: LDI}         // Get value at BP + 0
[ 4 -999 4 0 0 4 ]{53: LT}          // Less than compare i < n
[ 4 -999 4 0 1 ]{54: IFNZRO 18}     // Do loop if true

[ 4 -999 4 0 ]{18: GETBP}
[ 4 -999 4 0 2 ]{19: CSTI 1}
[ 4 -999 4 0 2 1 ]{21: ADD}
[ 4 -999 4 0 3 ]{22: LDI}           // Get value at BP + 1
[ 4 -999 4 0 0 ]{23: PRINTI}        // Print this value ("0")
0 [ 4 -999 4 0 0 ]{24: INCSP -1}
[ 4 -999 4 0 ]{26: GETBP}
[ 4 -999 4 0 2 ]{27: CSTI 1}
[ 4 -999 4 0 2 1 ]{29: ADD}         // Addr at BP + 1
[ 4 -999 4 0 3 ]{30: GETBP}
[ 4 -999 4 0 3 2 ]{31: CSTI 1}
[ 4 -999 4 0 3 2 1 ]{33: ADD}
[ 4 -999 4 0 3 3 ]{34: LDI}         // Get value at BP + 1
[ 4 -999 4 0 3 0 ]{35: CSTI 1}
[ 4 -999 4 0 3 0 1 ]{37: ADD}       // Add 1 to value 
[ 4 -999 4 0 3 1 ]{38: STI}         // Store new value at the previously gotten address
[ 4 -999 4 1 1 ]{39: INCSP -1}      // Remove space on stack
[ 4 -999 4 1 ]{41: INCSP 0}
[ 4 -999 4 1 ]{43: GETBP}
[ 4 -999 4 1 2 ]{44: CSTI 1}
[ 4 -999 4 1 2 1 ]{46: ADD}
[ 4 -999 4 1 3 ]{47: LDI}           // Get value at BP + 1
[ 4 -999 4 1 1 ]{48: GETBP}
[ 4 -999 4 1 1 2 ]{49: CSTI 0}
[ 4 -999 4 1 1 2 0 ]{51: ADD}
[ 4 -999 4 1 1 2 ]{52: LDI}         // Get value at BP + 0
[ 4 -999 4 1 1 4 ]{53: LT}          // Less than compare i < n
[ 4 -999 4 1 1 ]{54: IFNZRO 18}     // Do loop if true

[ 4 -999 4 1 ]{18: GETBP}           // Start loop, same as above. Instructions are same as above.
[ 4 -999 4 1 2 ]{19: CSTI 1}
[ 4 -999 4 1 2 1 ]{21: ADD}
[ 4 -999 4 1 3 ]{22: LDI}
[ 4 -999 4 1 1 ]{23: PRINTI}        // Print "1" this iteration
1 [ 4 -999 4 1 1 ]{24: INCSP -1}
[ 4 -999 4 1 ]{26: GETBP}
[ 4 -999 4 1 2 ]{27: CSTI 1}
[ 4 -999 4 1 2 1 ]{29: ADD}
[ 4 -999 4 1 3 ]{30: GETBP}
[ 4 -999 4 1 3 2 ]{31: CSTI 1}
[ 4 -999 4 1 3 2 1 ]{33: ADD}
[ 4 -999 4 1 3 3 ]{34: LDI}
[ 4 -999 4 1 3 1 ]{35: CSTI 1}
[ 4 -999 4 1 3 1 1 ]{37: ADD}
[ 4 -999 4 1 3 2 ]{38: STI}
[ 4 -999 4 2 2 ]{39: INCSP -1}
[ 4 -999 4 2 ]{41: INCSP 0}
[ 4 -999 4 2 ]{43: GETBP}
[ 4 -999 4 2 2 ]{44: CSTI 1}
[ 4 -999 4 2 2 1 ]{46: ADD}
[ 4 -999 4 2 3 ]{47: LDI}
[ 4 -999 4 2 2 ]{48: GETBP}
[ 4 -999 4 2 2 2 ]{49: CSTI 0}
[ 4 -999 4 2 2 2 0 ]{51: ADD}
[ 4 -999 4 2 2 2 ]{52: LDI}
[ 4 -999 4 2 2 4 ]{53: LT}
[ 4 -999 4 2 1 ]{54: IFNZRO 18}     // End Loop

[ 4 -999 4 2 ]{18: GETBP}           // Start loop, same as above
[ 4 -999 4 2 2 ]{19: CSTI 1}
[ 4 -999 4 2 2 1 ]{21: ADD}
[ 4 -999 4 2 3 ]{22: LDI}
[ 4 -999 4 2 2 ]{23: PRINTI}        // Print "2" this iteration
2 [ 4 -999 4 2 2 ]{24: INCSP -1}
[ 4 -999 4 2 ]{26: GETBP}
[ 4 -999 4 2 2 ]{27: CSTI 1}
[ 4 -999 4 2 2 1 ]{29: ADD}
[ 4 -999 4 2 3 ]{30: GETBP}
[ 4 -999 4 2 3 2 ]{31: CSTI 1}
[ 4 -999 4 2 3 2 1 ]{33: ADD}
[ 4 -999 4 2 3 3 ]{34: LDI}
[ 4 -999 4 2 3 2 ]{35: CSTI 1}
[ 4 -999 4 2 3 2 1 ]{37: ADD}
[ 4 -999 4 2 3 3 ]{38: STI}
[ 4 -999 4 3 3 ]{39: INCSP -1}
[ 4 -999 4 3 ]{41: INCSP 0}
[ 4 -999 4 3 ]{43: GETBP}
[ 4 -999 4 3 2 ]{44: CSTI 1}
[ 4 -999 4 3 2 1 ]{46: ADD}
[ 4 -999 4 3 3 ]{47: LDI}
[ 4 -999 4 3 3 ]{48: GETBP}
[ 4 -999 4 3 3 2 ]{49: CSTI 0}
[ 4 -999 4 3 3 2 0 ]{51: ADD}
[ 4 -999 4 3 3 2 ]{52: LDI}
[ 4 -999 4 3 3 4 ]{53: LT}
[ 4 -999 4 3 1 ]{54: IFNZRO 18}      // End Loop

[ 4 -999 4 3 ]{18: GETBP}            // Start loop, same as above
[ 4 -999 4 3 2 ]{19: CSTI 1}
[ 4 -999 4 3 2 1 ]{21: ADD}
[ 4 -999 4 3 3 ]{22: LDI}
[ 4 -999 4 3 3 ]{23: PRINTI}         // Print "3" this iteration
3 [ 4 -999 4 3 3 ]{24: INCSP -1}
[ 4 -999 4 3 ]{26: GETBP}
[ 4 -999 4 3 2 ]{27: CSTI 1}
[ 4 -999 4 3 2 1 ]{29: ADD}
[ 4 -999 4 3 3 ]{30: GETBP}
[ 4 -999 4 3 3 2 ]{31: CSTI 1}
[ 4 -999 4 3 3 2 1 ]{33: ADD}
[ 4 -999 4 3 3 3 ]{34: LDI}
[ 4 -999 4 3 3 3 ]{35: CSTI 1}
[ 4 -999 4 3 3 3 1 ]{37: ADD}
[ 4 -999 4 3 3 4 ]{38: STI}
[ 4 -999 4 4 4 ]{39: INCSP -1}
[ 4 -999 4 4 ]{41: INCSP 0}
[ 4 -999 4 4 ]{43: GETBP}
[ 4 -999 4 4 2 ]{44: CSTI 1}
[ 4 -999 4 4 2 1 ]{46: ADD}
[ 4 -999 4 4 3 ]{47: LDI}
[ 4 -999 4 4 4 ]{48: GETBP}
[ 4 -999 4 4 4 2 ]{49: CSTI 0}
[ 4 -999 4 4 4 2 0 ]{51: ADD}
[ 4 -999 4 4 4 2 ]{52: LDI}
[ 4 -999 4 4 4 4 ]{53: LT}
[ 4 -999 4 4 0 ]{54: IFNZRO 18}     // End Loop

[ 4 -999 4 4 ]{56: INCSP -1}        // Remove unused var from stack
[ 4 -999 4 ]{58: RET 0}             // Return 0
[ 4 ]{4: STOP}                      // End of program
